d:\tesis-master\thesis - copia\3d_reconstruction_v0.1\x64\debug\3d_reconstruction_v0.1.lib
d:\tesis-master\thesis - copia\3d_reconstruction_v0.1\x64\debug\3d_reconstruction_v0.1.exp
d:\tesis-master\thesis - copia\3d_reconstruction_v0.1\3d_reconstruction_v0.1\x64\debug\3d_reconstruction_v0.1.pch
d:\tesis-master\thesis - copia\3d_reconstruction_v0.1\3d_reconstruction_v0.1\x64\debug\vc141.pdb
d:\tesis-master\thesis - copia\3d_reconstruction_v0.1\3d_reconstruction_v0.1\x64\debug\vc141.idb
d:\tesis-master\thesis - copia\3d_reconstruction_v0.1\3d_reconstruction_v0.1\x64\debug\stdafx.obj
d:\tesis-master\thesis - copia\3d_reconstruction_v0.1\3d_reconstruction_v0.1\x64\debug\3d_reconstruction_v0.1.obj
d:\tesis-master\thesis - copia\3d_reconstruction_v0.1\3d_reconstruction_v0.1\x64\debug\essentialmatrixestimator.obj
d:\tesis-master\thesis - copia\3d_reconstruction_v0.1\3d_reconstruction_v0.1\x64\debug\math.obj
d:\tesis-master\thesis - copia\3d_reconstruction_v0.1\3d_reconstruction_v0.1\x64\debug\random.obj
d:\tesis-master\thesis - copia\3d_reconstruction_v0.1\3d_reconstruction_v0.1\x64\debug\randomsampler.obj
d:\tesis-master\thesis - copia\3d_reconstruction_v0.1\3d_reconstruction_v0.1\x64\debug\pair3dreconstruction.obj
d:\tesis-master\thesis - copia\3d_reconstruction_v0.1\x64\debug\3d_reconstruction_v0.1.exe
d:\tesis-master\thesis - copia\3d_reconstruction_v0.1\x64\debug\3d_reconstruction_v0.1.pdb
d:\tesis-master\thesis - copia\3d_reconstruction_v0.1\3d_reconstruction_v0.1\x64\debug\3d_recon.9fb37dbf.tlog\3d_reconstruction_v0.1.write.1u.tlog
d:\tesis-master\thesis - copia\3d_reconstruction_v0.1\3d_reconstruction_v0.1\x64\debug\3d_recon.9fb37dbf.tlog\cl.command.1.tlog
d:\tesis-master\thesis - copia\3d_reconstruction_v0.1\3d_reconstruction_v0.1\x64\debug\3d_recon.9fb37dbf.tlog\cl.read.1.tlog
d:\tesis-master\thesis - copia\3d_reconstruction_v0.1\3d_reconstruction_v0.1\x64\debug\3d_recon.9fb37dbf.tlog\cl.write.1.tlog
d:\tesis-master\thesis - copia\3d_reconstruction_v0.1\3d_reconstruction_v0.1\x64\debug\3d_recon.9fb37dbf.tlog\link.command.1.tlog
d:\tesis-master\thesis - copia\3d_reconstruction_v0.1\3d_reconstruction_v0.1\x64\debug\3d_recon.9fb37dbf.tlog\link.read.1.tlog
d:\tesis-master\thesis - copia\3d_reconstruction_v0.1\3d_reconstruction_v0.1\x64\debug\3d_recon.9fb37dbf.tlog\link.write.1.tlog
